<?xml version="1.0" encoding="UTF-8"?>
<testng-results skipped="0" failed="0" ignored="0" total="1" passed="1">
  <reporter-output>
  </reporter-output>
  <suite name="Default suite" duration-ms="29774" started-at="2022-02-25T00:54:10 IST" finished-at="2022-02-25T00:54:39 IST">
    <groups>
    </groups>
    <test name="Default test" duration-ms="29774" started-at="2022-02-25T00:54:10 IST" finished-at="2022-02-25T00:54:39 IST">
      <class name="com.selenium.testing.assesment.tests.SearchFlightsTest">
        <test-method status="PASS" signature="launchBrowser()[pri:0, instance:com.selenium.testing.assesment.tests.SearchFlightsTest@ba8d91c]" name="launchBrowser" is-config="true" duration-ms="4831" started-at="2022-02-25T00:54:10 IST" finished-at="2022-02-25T00:54:15 IST">
          <reporter-output>
          </reporter-output>
        </test-method> <!-- launchBrowser -->
        <test-method status="PASS" signature="testFlights(java.util.Hashtable)[pri:0, instance:com.selenium.testing.assesment.tests.SearchFlightsTest@ba8d91c]" name="testFlights" duration-ms="24536" started-at="2022-02-25T00:54:15 IST" data-provider="searchDetails" finished-at="2022-02-25T00:54:39 IST">
          <params>
            <param index="0">
              <value>
                <![CDATA[{onward_journey_date=02/03/2022, class stops =, traveller_count=, return_journey_date=, journey_type=ONE WAY, source_city=Bangalore, destination_city=New Delhi}]]>
              </value>
            </param>
          </params>
          <reporter-output>
          </reporter-output>
        </test-method> <!-- testFlights -->
        <test-method status="PASS" signature="quitDriver()[pri:0, instance:com.selenium.testing.assesment.tests.SearchFlightsTest@ba8d91c]" name="quitDriver" is-config="true" duration-ms="116" started-at="2022-02-25T00:54:39 IST" finished-at="2022-02-25T00:54:39 IST">
          <reporter-output>
          </reporter-output>
        </test-method> <!-- quitDriver -->
      </class> <!-- com.selenium.testing.assesment.tests.SearchFlightsTest -->
    </test> <!-- Default test -->
  </suite> <!-- Default suite -->
</testng-results>
